{
  "0 debug pnpm:scope": {
    "selected": 1
  },
  "1 error pnpm": {
    "errno": 1,
    "code": "ELIFECYCLE",
    "pkgid": "schedule@1.0.0",
    "stage": "build",
    "script": "rollup --config",
    "pkgname": "schedule",
    "err": {
      "name": "pnpm",
      "message": "schedule@1.0.0 build: `rollup --config`\nExit status 1",
      "code": "ELIFECYCLE",
      "stack": "pnpm: schedule@1.0.0 build: `rollup --config`\nExit status 1\n    at EventEmitter.<anonymous> (D:\\nvm\\v16.13.0\\node_modules\\pnpm\\dist\\pnpm.cjs:103432:20)\n    at EventEmitter.emit (node:events:390:28)\n    at ChildProcess.<anonymous> (D:\\nvm\\v16.13.0\\node_modules\\pnpm\\dist\\pnpm.cjs:91361:18)\n    at ChildProcess.emit (node:events:390:28)\n    at maybeClose (node:internal/child_process:1064:16)\n    at Process.ChildProcess._handle.onexit (node:internal/child_process:301:5)"
    }
  },
  "2 warn pnpm:global": " Local package.json exists, but node_modules missing, did you mean to install?"
}